<?xml version="1.0" encoding="UTF-8"?>
<testsuite xmlns:xsi="http://www.w3.org/2001/XMLSchema-instance" xsi:noNamespaceSchemaLocation="https://maven.apache.org/surefire/maven-surefire-plugin/xsd/surefire-test-report.xsd" name="Runner.ToRun" time="54.279" tests="5" errors="0" skipped="0" failures="0">
  <properties>
[...]
</properties>
  <testcase name="cas non passant" classname="Authentification 2" time="17.61"/>
  <testcase name="cas non passant" classname="Authentification 2" time="13.468"/>
  <testcase name="cas non passant" classname="Authentification 2" time="8.502"/>
  <testcase name="cas non passant" classname="Authentification 2" time="6.788"/>
  <testcase name="fill inscription form" classname="Authentification 2" time="7.272"/>
</testsuite>